<?xml version="1.0" encoding="UTF-8"?>
<coverage generated="1790009598469" clover="3.2.0">
  <project timestamp="1790009598469" name="All files">
    <metrics statements="107" coveredstatements="39" conditionals="44" coveredconditionals="26" methods="38" coveredmethods="11" elements="189" coveredelements="76" complexity="0" loc="107" ncloc="107" packages="7" files="18" classes="18"/>
    <package name="src">
      <metrics statements="13" coveredstatements="2" conditionals="4" coveredconditionals="2" methods="5" coveredmethods="1"/>
      <file name="app.module.ts" path="/Users/mateusrios/projects/brios3d/brios3d_forge/api/src/app.module.ts">
        <metrics statements="4" coveredstatements="0" conditionals="0" coveredconditionals="0" methods="2" coveredmethods="0"/>
        <line num="8" count="0" type="stmt"/>
        <line num="13" count="0" type="stmt"/>
        <line num="14" count="0" type="stmt"/>
        <line num="22" count="0" type="stmt"/>
      </file>
      <file name="app.setup.ts" path="/Users/mateusrios/projects/brios3d/brios3d_forge/api/src/app.setup.ts">
        <metrics statements="4" coveredstatements="2" conditionals="2" coveredconditionals="2" methods="2" coveredmethods="1"/>
        <line num="4" count="1" type="stmt"/>
        <line num="8" count="0" type="stmt"/>
        <line num="15" count="0" type="stmt"/>
        <line num="19" count="3" type="cond" truecount="2" falsecount="0"/>
      </file>
      <file name="main.ts" path="/Users/mateusrios/projects/brios3d/brios3d_forge/api/src/main.ts">
        <metrics statements="5" coveredstatements="0" conditionals="2" coveredconditionals="0" methods="1" coveredmethods="0"/>
        <line num="6" count="0" type="stmt"/>
        <line num="7" count="0" type="cond" truecount="0" falsecount="2"/>
        <line num="8" count="0" type="stmt"/>
        <line num="9" count="0" type="stmt"/>
        <line num="11" count="0" type="stmt"/>
      </file>
    </package>
    <package name="src.common.filters">
      <metrics statements="19" coveredstatements="18" conditionals="12" coveredconditionals="11" methods="2" coveredmethods="2"/>
      <file name="all-exceptions.filter.ts" path="/Users/mateusrios/projects/brios3d/brios3d_forge/api/src/common/filters/all-exceptions.filter.ts">
        <metrics statements="19" coveredstatements="18" conditionals="12" coveredconditionals="11" methods="2" coveredmethods="2"/>
        <line num="12" count="2" type="stmt"/>
        <line num="13" count="2" type="stmt"/>
        <line num="14" count="1" type="stmt"/>
        <line num="17" count="10" type="stmt"/>
        <line num="19" count="10" type="cond" truecount="2" falsecount="0"/>
        <line num="20" count="5" type="stmt"/>
        <line num="23" count="5" type="stmt"/>
        <line num="26" count="5" type="cond" truecount="2" falsecount="0"/>
        <line num="27" count="10" type="stmt"/>
        <line num="28" count="10" type="stmt"/>
        <line num="35" count="5" type="stmt"/>
        <line num="36" count="5" type="cond" truecount="2" falsecount="0"/>
        <line num="37" count="1" type="stmt"/>
        <line num="39" count="4" type="stmt"/>
        <line num="40" count="4" type="cond" truecount="2" falsecount="0"/>
        <line num="41" count="2" type="stmt"/>
        <line num="43" count="2" type="cond" truecount="3" falsecount="1"/>
        <line num="44" count="2" type="stmt"/>
        <line num="46" count="0" type="stmt"/>
      </file>
    </package>
    <package name="src.database">
      <metrics statements="4" coveredstatements="4" conditionals="12" coveredconditionals="11" methods="2" coveredmethods="2"/>
      <file name="data-source.ts" path="/Users/mateusrios/projects/brios3d/brios3d_forge/api/src/database/data-source.ts">
        <metrics statements="3" coveredstatements="3" conditionals="2" coveredconditionals="1" methods="1" coveredmethods="1"/>
        <line num="8" count="3" type="stmt"/>
        <line num="9" count="3" type="cond" truecount="1" falsecount="1"/>
        <line num="12" count="15" type="stmt"/>
      </file>
      <file name="typeorm-options.ts" path="/Users/mateusrios/projects/brios3d/brios3d_forge/api/src/database/typeorm-options.ts">
        <metrics statements="1" coveredstatements="1" conditionals="10" coveredconditionals="10" methods="1" coveredmethods="1"/>
        <line num="8" count="6" type="stmt"/>
      </file>
    </package>
    <package name="src.modules.health">
      <metrics statements="17" coveredstatements="15" conditionals="4" coveredconditionals="2" methods="6" coveredmethods="6"/>
      <file name="health.controller.ts" path="/Users/mateusrios/projects/brios3d/brios3d_forge/api/src/modules/health/health.controller.ts">
        <metrics statements="4" coveredstatements="4" conditionals="2" coveredconditionals="1" methods="2" coveredmethods="2"/>
        <line num="4" count="1" type="cond" truecount="1" falsecount="1"/>
        <line num="5" count="1" type="stmt"/>
        <line num="6" count="3" type="stmt"/>
        <line num="10" count="3" type="stmt"/>
      </file>
      <file name="health.module.ts" path="/Users/mateusrios/projects/brios3d/brios3d_forge/api/src/modules/health/health.module.ts">
        <metrics statements="2" coveredstatements="0" conditionals="0" coveredconditionals="0" methods="0" coveredmethods="0"/>
        <line num="5" count="0" type="stmt"/>
        <line num="9" count="0" type="stmt"/>
      </file>
      <file name="health.service.ts" path="/Users/mateusrios/projects/brios3d/brios3d_forge/api/src/modules/health/health.service.ts">
        <metrics statements="11" coveredstatements="11" conditionals="2" coveredconditionals="1" methods="4" coveredmethods="4"/>
        <line num="4" count="2" type="stmt"/>
        <line num="10" count="2" type="cond" truecount="1" falsecount="1"/>
        <line num="11" count="2" type="stmt"/>
        <line num="12" count="4" type="stmt"/>
        <line num="16" count="4" type="stmt"/>
        <line num="17" count="4" type="stmt"/>
        <line num="20" count="4" type="stmt"/>
        <line num="21" count="4" type="stmt"/>
        <line num="23" count="2" type="stmt"/>
        <line num="25" count="4" type="stmt"/>
        <line num="27" count="2" type="stmt"/>
      </file>
    </package>
    <package name="src.modules.pricing">
      <metrics statements="43" coveredstatements="0" conditionals="10" coveredconditionals="0" methods="12" coveredmethods="0"/>
      <file name="pricing.controller.ts" path="/Users/mateusrios/projects/brios3d/brios3d_forge/api/src/modules/pricing/pricing.controller.ts">
        <metrics statements="8" coveredstatements="0" conditionals="4" coveredconditionals="0" methods="2" coveredmethods="0"/>
        <line num="7" count="0" type="cond" truecount="0" falsecount="2"/>
        <line num="8" count="0" type="stmt"/>
        <line num="9" count="0" type="stmt"/>
        <line num="15" count="0" type="stmt"/>
        <line num="16" count="0" type="stmt"/>
        <line num="18" count="0" type="cond" truecount="0" falsecount="2"/>
        <line num="19" count="0" type="stmt"/>
        <line num="21" count="0" type="stmt"/>
      </file>
      <file name="pricing.error.ts" path="/Users/mateusrios/projects/brios3d/brios3d_forge/api/src/modules/pricing/pricing.error.ts">
        <metrics statements="2" coveredstatements="0" conditionals="0" coveredconditionals="0" methods="1" coveredmethods="0"/>
        <line num="5" count="0" type="stmt"/>
        <line num="6" count="0" type="stmt"/>
      </file>
      <file name="pricing.module.ts" path="/Users/mateusrios/projects/brios3d/brios3d_forge/api/src/modules/pricing/pricing.module.ts">
        <metrics statements="2" coveredstatements="0" conditionals="0" coveredconditionals="0" methods="0" coveredmethods="0"/>
        <line num="5" count="0" type="stmt"/>
        <line num="10" count="0" type="stmt"/>
      </file>
      <file name="pricing.service.ts" path="/Users/mateusrios/projects/brios3d/brios3d_forge/api/src/modules/pricing/pricing.service.ts">
        <metrics statements="28" coveredstatements="0" conditionals="6" coveredconditionals="0" methods="7" coveredmethods="0"/>
        <line num="7" count="0" type="stmt"/>
        <line num="11" count="0" type="stmt"/>
        <line num="12" count="0" type="stmt"/>
        <line num="14" count="0" type="stmt"/>
        <line num="17" count="0" type="stmt"/>
        <line num="20" count="0" type="stmt"/>
        <line num="22" count="0" type="stmt"/>
        <line num="23" count="0" type="stmt"/>
        <line num="24" count="0" type="stmt"/>
        <line num="28" count="0" type="stmt"/>
        <line num="29" count="0" type="stmt"/>
        <line num="33" count="0" type="stmt"/>
        <line num="36" count="0" type="stmt"/>
        <line num="37" count="0" type="stmt"/>
        <line num="39" count="0" type="stmt"/>
        <line num="53" count="0" type="stmt"/>
        <line num="65" count="0" type="stmt"/>
        <line num="66" count="0" type="stmt"/>
        <line num="67" count="0" type="cond" truecount="0" falsecount="2"/>
        <line num="68" count="0" type="stmt"/>
        <line num="70" count="0" type="stmt"/>
        <line num="71" count="0" type="stmt"/>
        <line num="72" count="0" type="cond" truecount="0" falsecount="2"/>
        <line num="73" count="0" type="stmt"/>
        <line num="77" count="0" type="stmt"/>
        <line num="87" count="0" type="stmt"/>
        <line num="88" count="0" type="cond" truecount="0" falsecount="2"/>
        <line num="91" count="0" type="stmt"/>
      </file>
      <file name="pricing.types.ts" path="/Users/mateusrios/projects/brios3d/brios3d_forge/api/src/modules/pricing/pricing.types.ts">
        <metrics statements="0" coveredstatements="0" conditionals="0" coveredconditionals="0" methods="0" coveredmethods="0"/>
      </file>
      <file name="rounding.ts" path="/Users/mateusrios/projects/brios3d/brios3d_forge/api/src/modules/pricing/rounding.ts">
        <metrics statements="3" coveredstatements="0" conditionals="0" coveredconditionals="0" methods="2" coveredmethods="0"/>
        <line num="5" count="0" type="stmt"/>
        <line num="9" count="0" type="stmt"/>
        <line num="14" count="0" type="stmt"/>
      </file>
    </package>
    <package name="src.modules.pricing.dto">
      <metrics statements="10" coveredstatements="0" conditionals="2" coveredconditionals="0" methods="10" coveredmethods="0"/>
      <file name="calculate-pricing.dto.ts" path="/Users/mateusrios/projects/brios3d/brios3d_forge/api/src/modules/pricing/dto/calculate-pricing.dto.ts">
        <metrics statements="6" coveredstatements="0" conditionals="0" coveredconditionals="0" methods="6" coveredmethods="0"/>
        <line num="114" count="0" type="stmt"/>
        <line num="118" count="0" type="stmt"/>
        <line num="130" count="0" type="stmt"/>
        <line num="136" count="0" type="stmt"/>
        <line num="140" count="0" type="stmt"/>
        <line num="171" count="0" type="stmt"/>
      </file>
      <file name="is-below-one.decorator.ts" path="/Users/mateusrios/projects/brios3d/brios3d_forge/api/src/modules/pricing/dto/is-below-one.decorator.ts">
        <metrics statements="4" coveredstatements="0" conditionals="2" coveredconditionals="0" methods="4" coveredmethods="0"/>
        <line num="6" count="0" type="stmt"/>
        <line num="7" count="0" type="stmt"/>
        <line num="13" count="0" type="cond" truecount="0" falsecount="2"/>
        <line num="14" count="0" type="stmt"/>
      </file>
    </package>
    <package name="src.modules.pricing.fixtures">
      <metrics statements="1" coveredstatements="0" conditionals="0" coveredconditionals="0" methods="1" coveredmethods="0"/>
      <file name="r1.ts" path="/Users/mateusrios/projects/brios3d/brios3d_forge/api/src/modules/pricing/fixtures/r1.ts">
        <metrics statements="1" coveredstatements="0" conditionals="0" coveredconditionals="0" methods="1" coveredmethods="0"/>
        <line num="6" count="0" type="stmt"/>
      </file>
    </package>
  </project>
</coverage>
