{"/Users/mateusrios/projects/brios3d/brios3d_forge/api/src/app.module.ts": {"path":"/Users/mateusrios/projects/brios3d/brios3d_forge/api/src/app.module.ts","statementMap":{"0":{"start":{"line":22,"column":7},"end":{"line":22,"column":null}},"1":{"start":{"line":8,"column":1},"end":{"line":21,"column":null}},"2":{"start":{"line":13,"column":46},"end":{"line":16,"column":null}},"3":{"start":{"line":14,"column":40},"end":{"line":14,"column":63}}},"fnMap":{"0":{"name":"(anonymous_0)","decl":{"start":{"line":13,"column":6},"end":{"line":13,"column":19}},"loc":{"start":{"line":13,"column":46},"end":{"line":16,"column":null}},"line":13},"1":{"name":"(anonymous_1)","decl":{"start":{"line":14,"column":11},"end":{"line":14,"column":32}},"loc":{"start":{"line":14,"column":40},"end":{"line":14,"column":63}},"line":14}},"branchMap":{},"s":{"0":0,"1":0,"2":0,"3":0},"f":{"0":0,"1":0},"b":{},"meta":{"lastBranch":0,"lastFunction":2,"lastStatement":4,"seen":{"s:22:7:22:Infinity":0,"s:8:1:21:Infinity":1,"f:13:6:13:19":0,"s:13:46:16:Infinity":2,"f:14:11:14:32":1,"s:14:40:14:63":3},"fnNames":{}}}
,"/Users/mateusrios/projects/brios3d/brios3d_forge/api/src/app.setup.ts": {"path":"/Users/mateusrios/projects/brios3d/brios3d_forge/api/src/app.setup.ts","statementMap":{"0":{"start":{"line":4,"column":21},"end":{"line":4,"column":null}},"1":{"start":{"line":8,"column":2},"end":{"line":14,"column":null}},"2":{"start":{"line":15,"column":2},"end":{"line":15,"column":null}},"3":{"start":{"line":19,"column":2},"end":{"line":19,"column":null}}},"fnMap":{"0":{"name":"configureApp","decl":{"start":{"line":7,"column":16},"end":{"line":7,"column":29}},"loc":{"start":{"line":7,"column":58},"end":{"line":16,"column":null}},"line":7},"1":{"name":"resolvePort","decl":{"start":{"line":18,"column":16},"end":{"line":18,"column":28}},"loc":{"start":{"line":18,"column":77},"end":{"line":20,"column":null}},"line":18}},"branchMap":{"0":{"loc":{"start":{"line":19,"column":9},"end":{"line":19,"column":null}},"type":"cond-expr","locations":[{"start":{"line":19,"column":20},"end":{"line":19,"column":39}},{"start":{"line":19,"column":39},"end":{"line":19,"column":null}}],"line":19}},"s":{"0":1,"1":0,"2":0,"3":3},"f":{"0":0,"1":3},"b":{"0":[1,2]},"meta":{"lastBranch":1,"lastFunction":2,"lastStatement":4,"seen":{"s:4:21:4:Infinity":0,"f:7:16:7:29":0,"s:8:2:14:Infinity":1,"s:15:2:15:Infinity":2,"f:18:16:18:28":1,"s:19:2:19:Infinity":3,"b:19:20:19:39:19:39:19:Infinity":0},"fnNames":{}}}
,"/Users/mateusrios/projects/brios3d/brios3d_forge/api/src/main.ts": {"path":"/Users/mateusrios/projects/brios3d/brios3d_forge/api/src/main.ts","statementMap":{"0":{"start":{"line":6,"column":14},"end":{"line":6,"column":null}},"1":{"start":{"line":7,"column":2},"end":{"line":7,"column":null}},"2":{"start":{"line":8,"column":2},"end":{"line":8,"column":null}},"3":{"start":{"line":9,"column":2},"end":{"line":9,"column":null}},"4":{"start":{"line":11,"column":0},"end":{"line":11,"column":null}}},"fnMap":{"0":{"name":"bootstrap","decl":{"start":{"line":5,"column":15},"end":{"line":5,"column":27}},"loc":{"start":{"line":5,"column":27},"end":{"line":10,"column":null}},"line":5}},"branchMap":{"0":{"loc":{"start":{"line":7,"column":27},"end":{"line":7,"column":79}},"type":"binary-expr","locations":[{"start":{"line":7,"column":27},"end":{"line":7,"column":55}},{"start":{"line":7,"column":55},"end":{"line":7,"column":79}}],"line":7}},"s":{"0":0,"1":0,"2":0,"3":0,"4":0},"f":{"0":0},"b":{"0":[0,0]},"meta":{"lastBranch":1,"lastFunction":1,"lastStatement":5,"seen":{"f:5:15:5:27":0,"s:6:14:6:Infinity":0,"s:7:2:7:Infinity":1,"b:7:27:7:55:7:55:7:79":0,"s:8:2:8:Infinity":2,"s:9:2:9:Infinity":3,"s:11:0:11:Infinity":4},"fnNames":{}}}
,"/Users/mateusrios/projects/brios3d/brios3d_forge/api/src/common/filters/all-exceptions.filter.ts": {"path":"/Users/mateusrios/projects/brios3d/brios3d_forge/api/src/common/filters/all-exceptions.filter.ts","statementMap":{"0":{"start":{"line":13,"column":13},"end":{"line":32,"column":null}},"1":{"start":{"line":14,"column":28},"end":{"line":14,"column":null}},"2":{"start":{"line":17,"column":21},"end":{"line":17,"column":null}},"3":{"start":{"line":19,"column":4},"end":{"line":24,"column":null}},"4":{"start":{"line":20,"column":6},"end":{"line":22,"column":null}},"5":{"start":{"line":23,"column":6},"end":{"line":23,"column":null}},"6":{"start":{"line":26,"column":18},"end":{"line":26,"column":null}},"7":{"start":{"line":27,"column":4},"end":{"line":27,"column":null}},"8":{"start":{"line":28,"column":4},"end":{"line":30,"column":null}},"9":{"start":{"line":12,"column":1},"end":{"line":12,"column":null}},"10":{"start":{"line":35,"column":15},"end":{"line":35,"column":null}},"11":{"start":{"line":36,"column":2},"end":{"line":38,"column":null}},"12":{"start":{"line":37,"column":4},"end":{"line":37,"column":null}},"13":{"start":{"line":39,"column":22},"end":{"line":39,"column":null}},"14":{"start":{"line":40,"column":2},"end":{"line":42,"column":null}},"15":{"start":{"line":41,"column":4},"end":{"line":41,"column":null}},"16":{"start":{"line":43,"column":2},"end":{"line":45,"column":null}},"17":{"start":{"line":44,"column":4},"end":{"line":44,"column":null}},"18":{"start":{"line":46,"column":2},"end":{"line":46,"column":null}}},"fnMap":{"0":{"name":"catch","decl":{"start":{"line":16,"column":2},"end":{"line":16,"column":8}},"loc":{"start":{"line":16,"column":55},"end":{"line":31,"column":null}},"line":16},"1":{"name":"messageOf","decl":{"start":{"line":34,"column":9},"end":{"line":34,"column":19}},"loc":{"start":{"line":34,"column":53},"end":{"line":47,"column":null}},"line":34}},"branchMap":{"0":{"loc":{"start":{"line":19,"column":4},"end":{"line":24,"column":null}},"type":"if","locations":[{"start":{"line":19,"column":4},"end":{"line":24,"column":null}},{"start":{},"end":{}}],"line":19},"1":{"loc":{"start":{"line":26,"column":18},"end":{"line":26,"column":null}},"type":"cond-expr","locations":[{"start":{"line":26,"column":47},"end":{"line":26,"column":65}},{"start":{"line":26,"column":65},"end":{"line":26,"column":null}}],"line":26},"2":{"loc":{"start":{"line":36,"column":2},"end":{"line":38,"column":null}},"type":"if","locations":[{"start":{"line":36,"column":2},"end":{"line":38,"column":null}},{"start":{},"end":{}}],"line":36},"3":{"loc":{"start":{"line":40,"column":2},"end":{"line":42,"column":null}},"type":"if","locations":[{"start":{"line":40,"column":2},"end":{"line":42,"column":null}},{"start":{},"end":{}}],"line":40},"4":{"loc":{"start":{"line":43,"column":2},"end":{"line":45,"column":null}},"type":"if","locations":[{"start":{"line":43,"column":2},"end":{"line":45,"column":null}},{"start":{},"end":{}}],"line":43},"5":{"loc":{"start":{"line":43,"column":6},"end":{"line":43,"column":57}},"type":"binary-expr","locations":[{"start":{"line":43,"column":6},"end":{"line":43,"column":37}},{"start":{"line":43,"column":37},"end":{"line":43,"column":57}}],"line":43}},"s":{"0":2,"1":1,"2":10,"3":10,"4":5,"5":5,"6":5,"7":10,"8":10,"9":2,"10":5,"11":5,"12":1,"13":4,"14":4,"15":2,"16":2,"17":2,"18":0},"f":{"0":10,"1":5},"b":{"0":[5,5],"1":[3,2],"2":[1,4],"3":[2,2],"4":[2,0],"5":[2,2]},"meta":{"lastBranch":6,"lastFunction":2,"lastStatement":19,"seen":{"s:13:13:32:Infinity":0,"s:14:28:14:Infinity":1,"f:16:2:16:8":0,"s:17:21:17:Infinity":2,"b:19:4:24:Infinity:undefined:undefined:undefined:undefined":0,"s:19:4:24:Infinity":3,"s:20:6:22:Infinity":4,"s:23:6:23:Infinity":5,"s:26:18:26:Infinity":6,"b:26:47:26:65:26:65:26:Infinity":1,"s:27:4:27:Infinity":7,"s:28:4:30:Infinity":8,"s:12:1:12:Infinity":9,"f:34:9:34:19":1,"s:35:15:35:Infinity":10,"b:36:2:38:Infinity:undefined:undefined:undefined:undefined":2,"s:36:2:38:Infinity":11,"s:37:4:37:Infinity":12,"s:39:22:39:Infinity":13,"b:40:2:42:Infinity:undefined:undefined:undefined:undefined":3,"s:40:2:42:Infinity":14,"s:41:4:41:Infinity":15,"b:43:2:45:Infinity:undefined:undefined:undefined:undefined":4,"s:43:2:45:Infinity":16,"b:43:6:43:37:43:37:43:57":5,"s:44:4:44:Infinity":17,"s:46:2:46:Infinity":18},"fnNames":{}}}
,"/Users/mateusrios/projects/brios3d/brios3d_forge/api/src/database/data-source.ts": {"path":"/Users/mateusrios/projects/brios3d/brios3d_forge/api/src/database/data-source.ts","statementMap":{"0":{"start":{"line":8,"column":13},"end":{"line":8,"column":null}},"1":{"start":{"line":9,"column":12},"end":{"line":9,"column":null}},"2":{"start":{"line":12,"column":34},"end":{"line":12,"column":50}}},"fnMap":{"0":{"name":"(anonymous_0)","decl":{"start":{"line":12,"column":5},"end":{"line":12,"column":26}},"loc":{"start":{"line":12,"column":34},"end":{"line":12,"column":50}},"line":12}},"branchMap":{"0":{"loc":{"start":{"line":9,"column":12},"end":{"line":9,"column":null}},"type":"cond-expr","locations":[{"start":{"line":9,"column":46},"end":{"line":9,"column":53}},{"start":{"line":9,"column":53},"end":{"line":9,"column":null}}],"line":9}},"s":{"0":3,"1":3,"2":15},"f":{"0":15},"b":{"0":[3,0]},"meta":{"lastBranch":1,"lastFunction":1,"lastStatement":3,"seen":{"s:8:13:8:Infinity":0,"s:9:12:9:Infinity":1,"b:9:46:9:53:9:53:9:Infinity":0,"f:12:5:12:26":0,"s:12:34:12:50":2},"fnNames":{}}}
,"/Users/mateusrios/projects/brios3d/brios3d_forge/api/src/database/typeorm-options.ts": {"path":"/Users/mateusrios/projects/brios3d/brios3d_forge/api/src/database/typeorm-options.ts","statementMap":{"0":{"start":{"line":8,"column":2},"end":{"line":16,"column":null}}},"fnMap":{"0":{"name":"buildTypeOrmOptions","decl":{"start":{"line":7,"column":16},"end":{"line":7,"column":36}},"loc":{"start":{"line":7,"column":53},"end":{"line":17,"column":null}},"line":7}},"branchMap":{"0":{"loc":{"start":{"line":10,"column":10},"end":{"line":10,"column":null}},"type":"binary-expr","locations":[{"start":{"line":10,"column":10},"end":{"line":10,"column":29}},{"start":{"line":10,"column":29},"end":{"line":10,"column":null}}],"line":10},"1":{"loc":{"start":{"line":11,"column":17},"end":{"line":11,"column":40}},"type":"binary-expr","locations":[{"start":{"line":11,"column":17},"end":{"line":11,"column":36}},{"start":{"line":11,"column":36},"end":{"line":11,"column":40}}],"line":11},"2":{"loc":{"start":{"line":12,"column":14},"end":{"line":12,"column":null}},"type":"binary-expr","locations":[{"start":{"line":12,"column":14},"end":{"line":12,"column":33}},{"start":{"line":12,"column":33},"end":{"line":12,"column":null}}],"line":12},"3":{"loc":{"start":{"line":13,"column":14},"end":{"line":13,"column":null}},"type":"binary-expr","locations":[{"start":{"line":13,"column":14},"end":{"line":13,"column":37}},{"start":{"line":13,"column":37},"end":{"line":13,"column":null}}],"line":13},"4":{"loc":{"start":{"line":14,"column":14},"end":{"line":14,"column":null}},"type":"binary-expr","locations":[{"start":{"line":14,"column":14},"end":{"line":14,"column":33}},{"start":{"line":14,"column":33},"end":{"line":14,"column":null}}],"line":14}},"s":{"0":6},"f":{"0":6},"b":{"0":[6,6],"1":[6,6],"2":[6,6],"3":[6,6],"4":[6,6]},"meta":{"lastBranch":5,"lastFunction":1,"lastStatement":1,"seen":{"f:7:16:7:36":0,"s:8:2:16:Infinity":0,"b:10:10:10:29:10:29:10:Infinity":0,"b:11:17:11:36:11:36:11:40":1,"b:12:14:12:33:12:33:12:Infinity":2,"b:13:14:13:37:13:37:13:Infinity":3,"b:14:14:14:33:14:33:14:Infinity":4},"fnNames":{}}}
,"/Users/mateusrios/projects/brios3d/brios3d_forge/api/src/modules/health/health.controller.ts": {"path":"/Users/mateusrios/projects/brios3d/brios3d_forge/api/src/modules/health/health.controller.ts","statementMap":{"0":{"start":{"line":5,"column":7},"end":{"line":12,"column":null}},"1":{"start":{"line":6,"column":31},"end":{"line":6,"column":61}},"2":{"start":{"line":10,"column":4},"end":{"line":10,"column":null}},"3":{"start":{"line":4,"column":1},"end":{"line":4,"column":null}}},"fnMap":{"0":{"name":"constructor","decl":{"start":{"line":6,"column":2},"end":{"line":6,"column":14}},"loc":{"start":{"line":6,"column":61},"end":{"line":6,"column":null}},"line":6},"1":{"name":"check","decl":{"start":{"line":8,"column":2},"end":{"line":8,"column":3}},"loc":{"start":{"line":9,"column":33},"end":{"line":11,"column":null}},"line":9}},"branchMap":{"0":{"loc":{"start":{"line":4,"column":20},"end":{"line":4,"column":null}},"type":"cond-expr","locations":[{"start":{"line":4,"column":20},"end":{"line":4,"column":null}},{"start":{"line":4,"column":20},"end":{"line":4,"column":null}}],"line":4}},"s":{"0":1,"1":3,"2":3,"3":1},"f":{"0":3,"1":3},"b":{"0":[0,1]},"meta":{"lastBranch":1,"lastFunction":2,"lastStatement":4,"seen":{"s:5:7:12:Infinity":0,"f:6:2:6:14":0,"s:6:31:6:61":1,"f:8:2:8:3":1,"s:10:4:10:Infinity":2,"s:4:1:4:Infinity":3,"b:4:20:4:Infinity:4:20:4:Infinity":0},"fnNames":{}}}
,"/Users/mateusrios/projects/brios3d/brios3d_forge/api/src/modules/health/health.module.ts": {"path":"/Users/mateusrios/projects/brios3d/brios3d_forge/api/src/modules/health/health.module.ts","statementMap":{"0":{"start":{"line":9,"column":7},"end":{"line":9,"column":null}},"1":{"start":{"line":5,"column":1},"end":{"line":8,"column":null}}},"fnMap":{},"branchMap":{},"s":{"0":0,"1":0},"f":{},"b":{},"meta":{"lastBranch":0,"lastFunction":0,"lastStatement":2,"seen":{"s:9:7:9:Infinity":0,"s:5:1:8:Infinity":1},"fnNames":{}}}
,"/Users/mateusrios/projects/brios3d/brios3d_forge/api/src/modules/health/health.service.ts": {"path":"/Users/mateusrios/projects/brios3d/brios3d_forge/api/src/modules/health/health.service.ts","statementMap":{"0":{"start":{"line":4,"column":25},"end":{"line":4,"column":null}},"1":{"start":{"line":11,"column":7},"end":{"line":29,"column":null}},"2":{"start":{"line":12,"column":31},"end":{"line":12,"column":55}},"3":{"start":{"line":16,"column":20},"end":{"line":18,"column":null}},"4":{"start":{"line":17,"column":6},"end":{"line":17,"column":null}},"5":{"start":{"line":17,"column":31},"end":{"line":17,"column":61}},"6":{"start":{"line":20,"column":4},"end":{"line":26,"column":null}},"7":{"start":{"line":21,"column":6},"end":{"line":21,"column":null}},"8":{"start":{"line":23,"column":6},"end":{"line":23,"column":null}},"9":{"start":{"line":25,"column":6},"end":{"line":25,"column":null}},"10":{"start":{"line":27,"column":4},"end":{"line":27,"column":null}},"11":{"start":{"line":10,"column":1},"end":{"line":10,"column":null}}},"fnMap":{"0":{"name":"constructor","decl":{"start":{"line":12,"column":2},"end":{"line":12,"column":14}},"loc":{"start":{"line":12,"column":55},"end":{"line":12,"column":null}},"line":12},"1":{"name":"check","decl":{"start":{"line":14,"column":8},"end":{"line":14,"column":39}},"loc":{"start":{"line":14,"column":39},"end":{"line":28,"column":null}},"line":14},"2":{"name":"(anonymous_2)","decl":{"start":{"line":16,"column":24},"end":{"line":16,"column":40}},"loc":{"start":{"line":16,"column":54},"end":{"line":18,"column":5}},"line":16},"3":{"name":"(anonymous_3)","decl":{"start":{"line":17,"column":14},"end":{"line":17,"column":31}},"loc":{"start":{"line":17,"column":31},"end":{"line":17,"column":61}},"line":17}},"branchMap":{"0":{"loc":{"start":{"line":10,"column":12},"end":{"line":10,"column":null}},"type":"cond-expr","locations":[{"start":{"line":10,"column":12},"end":{"line":10,"column":null}},{"start":{"line":10,"column":12},"end":{"line":10,"column":null}}],"line":10}},"s":{"0":2,"1":2,"2":4,"3":4,"4":4,"5":1,"6":4,"7":4,"8":2,"9":4,"10":2,"11":2},"f":{"0":4,"1":4,"2":4,"3":1},"b":{"0":[0,2]},"meta":{"lastBranch":1,"lastFunction":4,"lastStatement":12,"seen":{"s:4:25:4:Infinity":0,"s:11:7:29:Infinity":1,"f:12:2:12:14":0,"s:12:31:12:55":2,"f:14:8:14:39":1,"s:16:20:18:Infinity":3,"f:16:24:16:40":2,"s:17:6:17:Infinity":4,"f:17:14:17:31":3,"s:17:31:17:61":5,"s:20:4:26:Infinity":6,"s:21:6:21:Infinity":7,"s:23:6:23:Infinity":8,"s:25:6:25:Infinity":9,"s:27:4:27:Infinity":10,"s:10:1:10:Infinity":11,"b:10:12:10:Infinity:10:12:10:Infinity":0},"fnNames":{}}}
,"/Users/mateusrios/projects/brios3d/brios3d_forge/api/src/modules/pricing/pricing.controller.ts": {"path":"/Users/mateusrios/projects/brios3d/brios3d_forge/api/src/modules/pricing/pricing.controller.ts","statementMap":{"0":{"start":{"line":8,"column":7},"end":{"line":24,"column":null}},"1":{"start":{"line":9,"column":31},"end":{"line":9,"column":63}},"2":{"start":{"line":15,"column":4},"end":{"line":22,"column":null}},"3":{"start":{"line":16,"column":6},"end":{"line":16,"column":null}},"4":{"start":{"line":18,"column":6},"end":{"line":20,"column":null}},"5":{"start":{"line":19,"column":8},"end":{"line":19,"column":null}},"6":{"start":{"line":21,"column":6},"end":{"line":21,"column":null}},"7":{"start":{"line":7,"column":1},"end":{"line":7,"column":null}}},"fnMap":{"0":{"name":"constructor","decl":{"start":{"line":9,"column":2},"end":{"line":9,"column":14}},"loc":{"start":{"line":9,"column":63},"end":{"line":9,"column":null}},"line":9},"1":{"name":"calculate","decl":{"start":{"line":12,"column":2},"end":{"line":12,"column":3}},"loc":{"start":{"line":14,"column":61},"end":{"line":23,"column":null}},"line":14}},"branchMap":{"0":{"loc":{"start":{"line":18,"column":6},"end":{"line":20,"column":null}},"type":"if","locations":[{"start":{"line":18,"column":6},"end":{"line":20,"column":null}},{"start":{},"end":{}}],"line":18},"1":{"loc":{"start":{"line":7,"column":21},"end":{"line":7,"column":null}},"type":"cond-expr","locations":[{"start":{"line":7,"column":21},"end":{"line":7,"column":null}},{"start":{"line":7,"column":21},"end":{"line":7,"column":null}}],"line":7}},"s":{"0":0,"1":0,"2":0,"3":0,"4":0,"5":0,"6":0,"7":0},"f":{"0":0,"1":0},"b":{"0":[0,0],"1":[0,0]},"meta":{"lastBranch":2,"lastFunction":2,"lastStatement":8,"seen":{"s:8:7:24:Infinity":0,"f:9:2:9:14":0,"s:9:31:9:63":1,"f:12:2:12:3":1,"s:15:4:22:Infinity":2,"s:16:6:16:Infinity":3,"b:18:6:20:Infinity:undefined:undefined:undefined:undefined":0,"s:18:6:20:Infinity":4,"s:19:8:19:Infinity":5,"s:21:6:21:Infinity":6,"s:7:1:7:Infinity":7,"b:7:21:7:Infinity:7:21:7:Infinity":1},"fnNames":{}}}
,"/Users/mateusrios/projects/brios3d/brios3d_forge/api/src/modules/pricing/pricing.error.ts": {"path":"/Users/mateusrios/projects/brios3d/brios3d_forge/api/src/modules/pricing/pricing.error.ts","statementMap":{"0":{"start":{"line":5,"column":4},"end":{"line":5,"column":null}},"1":{"start":{"line":6,"column":4},"end":{"line":6,"column":null}}},"fnMap":{"0":{"name":"constructor","decl":{"start":{"line":4,"column":2},"end":{"line":4,"column":14}},"loc":{"start":{"line":4,"column":31},"end":{"line":7,"column":null}},"line":4}},"branchMap":{},"s":{"0":0,"1":0},"f":{"0":0},"b":{},"meta":{"lastBranch":0,"lastFunction":1,"lastStatement":2,"seen":{"f:4:2:4:14":0,"s:5:4:5:Infinity":0,"s:6:4:6:Infinity":1},"fnNames":{}}}
,"/Users/mateusrios/projects/brios3d/brios3d_forge/api/src/modules/pricing/pricing.module.ts": {"path":"/Users/mateusrios/projects/brios3d/brios3d_forge/api/src/modules/pricing/pricing.module.ts","statementMap":{"0":{"start":{"line":10,"column":7},"end":{"line":10,"column":null}},"1":{"start":{"line":5,"column":1},"end":{"line":9,"column":null}}},"fnMap":{},"branchMap":{},"s":{"0":0,"1":0},"f":{},"b":{},"meta":{"lastBranch":0,"lastFunction":0,"lastStatement":2,"seen":{"s:10:7:10:Infinity":0,"s:5:1:9:Infinity":1},"fnNames":{}}}
,"/Users/mateusrios/projects/brios3d/brios3d_forge/api/src/modules/pricing/pricing.service.ts": {"path":"/Users/mateusrios/projects/brios3d/brios3d_forge/api/src/modules/pricing/pricing.service.ts","statementMap":{"0":{"start":{"line":7,"column":20},"end":{"line":7,"column":null}},"1":{"start":{"line":12,"column":7},"end":{"line":98,"column":null}},"2":{"start":{"line":14,"column":21},"end":{"line":14,"column":null}},"3":{"start":{"line":17,"column":6},"end":{"line":18,"column":null}},"4":{"start":{"line":17,"column":44},"end":{"line":17,"column":86}},"5":{"start":{"line":20,"column":7},"end":{"line":20,"column":null}},"6":{"start":{"line":22,"column":7},"end":{"line":22,"column":null}},"7":{"start":{"line":23,"column":24},"end":{"line":23,"column":null}},"8":{"start":{"line":24,"column":10},"end":{"line":27,"column":null}},"9":{"start":{"line":28,"column":21},"end":{"line":31,"column":null}},"10":{"start":{"line":29,"column":21},"end":{"line":29,"column":null}},"11":{"start":{"line":33,"column":7},"end":{"line":34,"column":null}},"12":{"start":{"line":36,"column":19},"end":{"line":36,"column":null}},"13":{"start":{"line":37,"column":21},"end":{"line":37,"column":null}},"14":{"start":{"line":39,"column":4},"end":{"line":60,"column":null}},"15":{"start":{"line":53,"column":8},"end":{"line":58,"column":null}},"16":{"start":{"line":65,"column":17},"end":{"line":65,"column":null}},"17":{"start":{"line":66,"column":4},"end":{"line":78,"column":null}},"18":{"start":{"line":67,"column":6},"end":{"line":69,"column":null}},"19":{"start":{"line":68,"column":8},"end":{"line":68,"column":null}},"20":{"start":{"line":70,"column":6},"end":{"line":70,"column":null}},"21":{"start":{"line":71,"column":22},"end":{"line":71,"column":null}},"22":{"start":{"line":72,"column":6},"end":{"line":76,"column":null}},"23":{"start":{"line":73,"column":8},"end":{"line":75,"column":null}},"24":{"start":{"line":77,"column":6},"end":{"line":77,"column":null}},"25":{"start":{"line":87,"column":32},"end":{"line":87,"column":null}},"26":{"start":{"line":88,"column":27},"end":{"line":90,"column":null}},"27":{"start":{"line":91,"column":4},"end":{"line":96,"column":null}},"28":{"start":{"line":11,"column":1},"end":{"line":11,"column":null}}},"fnMap":{"0":{"name":"calculate","decl":{"start":{"line":13,"column":2},"end":{"line":13,"column":12}},"loc":{"start":{"line":13,"column":48},"end":{"line":61,"column":null}},"line":13},"1":{"name":"(anonymous_1)","decl":{"start":{"line":17,"column":22},"end":{"line":17,"column":30}},"loc":{"start":{"line":17,"column":44},"end":{"line":17,"column":86}},"line":17},"2":{"name":"(anonymous_2)","decl":{"start":{"line":28,"column":36},"end":{"line":28,"column":null}},"loc":{"start":{"line":29,"column":21},"end":{"line":29,"column":null}},"line":29},"3":{"name":"(anonymous_3)","decl":{"start":{"line":52,"column":31},"end":{"line":52,"column":36}},"loc":{"start":{"line":53,"column":8},"end":{"line":58,"column":null}},"line":53},"4":{"name":"channelDivisors","decl":{"start":{"line":64,"column":2},"end":{"line":64,"column":10}},"loc":{"start":{"line":64,"column":57},"end":{"line":79,"column":null}},"line":64},"5":{"name":"(anonymous_5)","decl":{"start":{"line":66,"column":26},"end":{"line":66,"column":31}},"loc":{"start":{"line":66,"column":43},"end":{"line":78,"column":5}},"line":66},"6":{"name":"priceChannel","decl":{"start":{"line":81,"column":2},"end":{"line":81,"column":10}},"loc":{"start":{"line":86,"column":18},"end":{"line":97,"column":null}},"line":86}},"branchMap":{"0":{"loc":{"start":{"line":67,"column":6},"end":{"line":69,"column":null}},"type":"if","locations":[{"start":{"line":67,"column":6},"end":{"line":69,"column":null}},{"start":{},"end":{}}],"line":67},"1":{"loc":{"start":{"line":72,"column":6},"end":{"line":76,"column":null}},"type":"if","locations":[{"start":{"line":72,"column":6},"end":{"line":76,"column":null}},{"start":{},"end":{}}],"line":72},"2":{"loc":{"start":{"line":88,"column":27},"end":{"line":90,"column":null}},"type":"cond-expr","locations":[{"start":{"line":89,"column":8},"end":{"line":89,"column":null}},{"start":{"line":90,"column":8},"end":{"line":90,"column":null}}],"line":88}},"s":{"0":0,"1":0,"2":0,"3":0,"4":0,"5":0,"6":0,"7":0,"8":0,"9":0,"10":0,"11":0,"12":0,"13":0,"14":0,"15":0,"16":0,"17":0,"18":0,"19":0,"20":0,"21":0,"22":0,"23":0,"24":0,"25":0,"26":0,"27":0,"28":0},"f":{"0":0,"1":0,"2":0,"3":0,"4":0,"5":0,"6":0},"b":{"0":[0,0],"1":[0,0],"2":[0,0]},"meta":{"lastBranch":3,"lastFunction":7,"lastStatement":29,"seen":{"s:7:20:7:Infinity":0,"s:12:7:98:Infinity":1,"f:13:2:13:12":0,"s:14:21:14:Infinity":2,"s:17:6:18:Infinity":3,"f:17:22:17:30":1,"s:17:44:17:86":4,"s:20:7:20:Infinity":5,"s:22:7:22:Infinity":6,"s:23:24:23:Infinity":7,"s:24:10:27:Infinity":8,"s:28:21:31:Infinity":9,"f:28:36:28:Infinity":2,"s:29:21:29:Infinity":10,"s:33:7:34:Infinity":11,"s:36:19:36:Infinity":12,"s:37:21:37:Infinity":13,"s:39:4:60:Infinity":14,"f:52:31:52:36":3,"s:53:8:58:Infinity":15,"f:64:2:64:10":4,"s:65:17:65:Infinity":16,"s:66:4:78:Infinity":17,"f:66:26:66:31":5,"b:67:6:69:Infinity:undefined:undefined:undefined:undefined":0,"s:67:6:69:Infinity":18,"s:68:8:68:Infinity":19,"s:70:6:70:Infinity":20,"s:71:22:71:Infinity":21,"b:72:6:76:Infinity:undefined:undefined:undefined:undefined":1,"s:72:6:76:Infinity":22,"s:73:8:75:Infinity":23,"s:77:6:77:Infinity":24,"f:81:2:81:10":6,"s:87:32:87:Infinity":25,"s:88:27:90:Infinity":26,"b:89:8:89:Infinity:90:8:90:Infinity":2,"s:91:4:96:Infinity":27,"s:11:1:11:Infinity":28},"fnNames":{}}}
,"/Users/mateusrios/projects/brios3d/brios3d_forge/api/src/modules/pricing/pricing.types.ts": {"path":"/Users/mateusrios/projects/brios3d/brios3d_forge/api/src/modules/pricing/pricing.types.ts","statementMap":{},"fnMap":{},"branchMap":{},"s":{},"f":{},"b":{},"meta":{"lastBranch":0,"lastFunction":0,"lastStatement":0,"seen":{},"fnNames":{}}}
,"/Users/mateusrios/projects/brios3d/brios3d_forge/api/src/modules/pricing/rounding.ts": {"path":"/Users/mateusrios/projects/brios3d/brios3d_forge/api/src/modules/pricing/rounding.ts","statementMap":{"0":{"start":{"line":5,"column":22},"end":{"line":5,"column":null}},"1":{"start":{"line":9,"column":2},"end":{"line":9,"column":null}},"2":{"start":{"line":14,"column":2},"end":{"line":14,"column":null}}},"fnMap":{"0":{"name":"roundCost","decl":{"start":{"line":8,"column":16},"end":{"line":8,"column":26}},"loc":{"start":{"line":8,"column":49},"end":{"line":10,"column":null}},"line":8},"1":{"name":"roundPriceUp","decl":{"start":{"line":13,"column":16},"end":{"line":13,"column":29}},"loc":{"start":{"line":13,"column":52},"end":{"line":15,"column":null}},"line":13}},"branchMap":{},"s":{"0":0,"1":0,"2":0},"f":{"0":0,"1":0},"b":{},"meta":{"lastBranch":0,"lastFunction":2,"lastStatement":3,"seen":{"s:5:22:5:Infinity":0,"f:8:16:8:26":0,"s:9:2:9:Infinity":1,"f:13:16:13:29":1,"s:14:2:14:Infinity":2},"fnNames":{}}}
,"/Users/mateusrios/projects/brios3d/brios3d_forge/api/src/modules/pricing/dto/calculate-pricing.dto.ts": {"path":"/Users/mateusrios/projects/brios3d/brios3d_forge/api/src/modules/pricing/dto/calculate-pricing.dto.ts","statementMap":{"0":{"start":{"line":114,"column":14},"end":{"line":114,"column":25}},"1":{"start":{"line":118,"column":14},"end":{"line":118,"column":24}},"2":{"start":{"line":130,"column":14},"end":{"line":130,"column":22}},"3":{"start":{"line":136,"column":14},"end":{"line":136,"column":23}},"4":{"start":{"line":140,"column":14},"end":{"line":140,"column":27}},"5":{"start":{"line":171,"column":14},"end":{"line":171,"column":24}}},"fnMap":{"0":{"name":"(anonymous_0)","decl":{"start":{"line":114,"column":3},"end":{"line":114,"column":14}},"loc":{"start":{"line":114,"column":14},"end":{"line":114,"column":25}},"line":114},"1":{"name":"(anonymous_1)","decl":{"start":{"line":118,"column":3},"end":{"line":118,"column":14}},"loc":{"start":{"line":118,"column":14},"end":{"line":118,"column":24}},"line":118},"2":{"name":"(anonymous_2)","decl":{"start":{"line":130,"column":3},"end":{"line":130,"column":14}},"loc":{"start":{"line":130,"column":14},"end":{"line":130,"column":22}},"line":130},"3":{"name":"(anonymous_3)","decl":{"start":{"line":136,"column":3},"end":{"line":136,"column":14}},"loc":{"start":{"line":136,"column":14},"end":{"line":136,"column":23}},"line":136},"4":{"name":"(anonymous_4)","decl":{"start":{"line":140,"column":3},"end":{"line":140,"column":14}},"loc":{"start":{"line":140,"column":14},"end":{"line":140,"column":27}},"line":140},"5":{"name":"(anonymous_5)","decl":{"start":{"line":171,"column":3},"end":{"line":171,"column":14}},"loc":{"start":{"line":171,"column":14},"end":{"line":171,"column":24}},"line":171}},"branchMap":{},"s":{"0":0,"1":0,"2":0,"3":0,"4":0,"5":0},"f":{"0":0,"1":0,"2":0,"3":0,"4":0,"5":0},"b":{},"meta":{"lastBranch":0,"lastFunction":6,"lastStatement":6,"seen":{"f:114:3:114:14":0,"s:114:14:114:25":0,"f:118:3:118:14":1,"s:118:14:118:24":1,"f:130:3:130:14":2,"s:130:14:130:22":2,"f:136:3:136:14":3,"s:136:14:136:23":3,"f:140:3:140:14":4,"s:140:14:140:27":4,"f:171:3:171:14":5,"s:171:14:171:24":5},"fnNames":{}}}
,"/Users/mateusrios/projects/brios3d/brios3d_forge/api/src/modules/pricing/dto/is-below-one.decorator.ts": {"path":"/Users/mateusrios/projects/brios3d/brios3d_forge/api/src/modules/pricing/dto/is-below-one.decorator.ts","statementMap":{"0":{"start":{"line":6,"column":2},"end":{"line":17,"column":null}},"1":{"start":{"line":7,"column":4},"end":{"line":16,"column":null}},"2":{"start":{"line":13,"column":38},"end":{"line":13,"column":null}},"3":{"start":{"line":14,"column":55},"end":{"line":14,"column":null}}},"fnMap":{"0":{"name":"IsBelowOne","decl":{"start":{"line":5,"column":16},"end":{"line":5,"column":27}},"loc":{"start":{"line":5,"column":56},"end":{"line":18,"column":null}},"line":5},"1":{"name":"(anonymous_1)","decl":{"start":{"line":6,"column":2},"end":{"line":6,"column":10}},"loc":{"start":{"line":6,"column":57},"end":{"line":17,"column":null}},"line":6},"2":{"name":"(anonymous_2)","decl":{"start":{"line":13,"column":8},"end":{"line":13,"column":19}},"loc":{"start":{"line":13,"column":38},"end":{"line":13,"column":null}},"line":13},"3":{"name":"(anonymous_3)","decl":{"start":{"line":14,"column":8},"end":{"line":14,"column":25}},"loc":{"start":{"line":14,"column":55},"end":{"line":14,"column":null}},"line":14}},"branchMap":{"0":{"loc":{"start":{"line":13,"column":38},"end":{"line":13,"column":null}},"type":"binary-expr","locations":[{"start":{"line":13,"column":38},"end":{"line":13,"column":67}},{"start":{"line":13,"column":67},"end":{"line":13,"column":null}}],"line":13}},"s":{"0":0,"1":0,"2":0,"3":0},"f":{"0":0,"1":0,"2":0,"3":0},"b":{"0":[0,0]},"meta":{"lastBranch":1,"lastFunction":4,"lastStatement":4,"seen":{"f:5:16:5:27":0,"s:6:2:17:Infinity":0,"f:6:2:6:10":1,"s:7:4:16:Infinity":1,"f:13:8:13:19":2,"s:13:38:13:Infinity":2,"b:13:38:13:67:13:67:13:Infinity":0,"f:14:8:14:25":3,"s:14:55:14:Infinity":3},"fnNames":{}}}
,"/Users/mateusrios/projects/brios3d/brios3d_forge/api/src/modules/pricing/fixtures/r1.ts": {"path":"/Users/mateusrios/projects/brios3d/brios3d_forge/api/src/modules/pricing/fixtures/r1.ts","statementMap":{"0":{"start":{"line":6,"column":2},"end":{"line":28,"column":null}}},"fnMap":{"0":{"name":"r1","decl":{"start":{"line":5,"column":16},"end":{"line":5,"column":35}},"loc":{"start":{"line":5,"column":35},"end":{"line":29,"column":null}},"line":5}},"branchMap":{},"s":{"0":0},"f":{"0":0},"b":{},"meta":{"lastBranch":0,"lastFunction":1,"lastStatement":1,"seen":{"f:5:16:5:35":0,"s:6:2:28:Infinity":0},"fnNames":{}}}
}
